<?xml version="1.0" encoding="UTF-8"?>
<testsuite name="hotelreservation.HotelResevationTest" tests="1" skipped="0" failures="0" errors="0" timestamp="2021-04-15T18:14:53" hostname="MRUNAL" time="0.022">
  <properties/>
  <testcase name="addHotelTo()" classname="hotelreservation.HotelResevationTest" time="0.022"/>
  <system-out><![CDATA[]]></system-out>
  <system-err><![CDATA[]]></system-err>
</testsuite>
