<?xml version="1.0" encoding="UTF-8"?>
<testsuite name="hotelreservation.HotelResevationTest" tests="1" skipped="0" failures="0" errors="0" timestamp="2021-04-16T15:43:02" hostname="MRUNAL" time="0.038">
  <properties/>
  <testcase name="addHotelTo()" classname="hotelreservation.HotelResevationTest" time="0.038"/>
  <system-out><![CDATA[Number of days: 3
Cheapest hotel : Hotel name : null rates for regular customer : 0.0 , 0
]]></system-out>
  <system-err><![CDATA[]]></system-err>
</testsuite>
